<?xml version="1.0" encoding="UTF-8"?>
<!-- Generated by org.testng.reporters.JUnitReportReporter -->
<testsuite skipped="0" hostname="SebahattinsAir2.home" name="com.qa.darksky.net.test.HomePageTest" tests="7" failures="0" timestamp="2020-08-07T22:55:17 CDT" time="1.382" errors="0">
  <testcase name="clickToday" time="0.899" classname="com.qa.darksky.net.test.HomePageTest"/>
  <system-out/>
  <testcase name="verifyHomeaPageTitle" time="0.022" classname="com.qa.darksky.net.test.HomePageTest"/>
  <system-out/>
  <testcase name="getTempeList" time="0.320" classname="com.qa.darksky.net.test.HomePageTest"/>
  <system-out/>
  <testcase name="minTempe" time="0.006" classname="com.qa.darksky.net.test.HomePageTest"/>
  <system-out/>
  <testcase name="maxTempe" time="0.009" classname="com.qa.darksky.net.test.HomePageTest"/>
  <system-out/>
  <testcase name="verifyMinTempe" time="0.060" classname="com.qa.darksky.net.test.HomePageTest"/>
  <system-out/>
  <testcase name="verifyMax" time="0.066" classname="com.qa.darksky.net.test.HomePageTest"/>
  <system-out/>
</testsuite> <!-- com.qa.darksky.net.test.HomePageTest -->
